<?xml version="1.0" encoding="UTF-8"?>
<!-- Generated by org.testng.reporters.JUnitReportReporter -->
<testsuite hostname="MBRLT01195" failures="0" tests="1" name="mbHomepage.HomepageTest" time="15.274" errors="0" timestamp="2025-03-20T14:35:06 IST" skipped="0">
  <testcase classname="mbHomepage.HomepageTest" name="search_homepage" time="15.274"/>
  <system-out/>
</testsuite> <!-- mbHomepage.HomepageTest -->
