<?xml version="1.0" encoding="UTF-8"?>
<!-- Generated by org.testng.reporters.JUnitReportReporter -->
<testsuite hostname="MBRLT01195" failures="0" tests="1" name="Mb_Search_Test.HomepageTest" time="14.468" errors="0" timestamp="2025-06-10T11:08:58 IST" skipped="0">
  <testcase classname="Mb_Search_Test.HomepageTest" name="search_homepage" time="14.468"/>
  <system-out/>
</testsuite> <!-- Mb_Search_Test.HomepageTest -->
