<?xml version="1.0" encoding="UTF-8"?>
<!-- Generated by org.testng.reporters.JUnitReportReporter -->
<testsuite hostname="MBRLT01195" failures="0" tests="1" name="Mb_Search_Test.Mb_ldp_test" time="26.365" errors="0" timestamp="2025-04-08T12:38:33 IST" skipped="0">
  <testcase classname="Mb_Search_Test.Mb_ldp_test" name="srp_cardwidget" time="26.365"/>
  <system-out/>
</testsuite> <!-- Mb_Search_Test.Mb_ldp_test -->
