<?xml version="1.0" encoding="UTF-8"?>
<!-- Generated by org.testng.reporters.JUnitReportReporter -->
<testsuite hostname="MBRLT01195" failures="0" tests="1" name="Mb_Search_Test.MbSrp_RentTest" time="7.587" errors="0" timestamp="2025-06-02T15:34:12 IST" skipped="0">
  <testcase classname="Mb_Search_Test.MbSrp_RentTest" name="srp_Page" time="7.587"/>
  <system-out/>
</testsuite> <!-- Mb_Search_Test.MbSrp_RentTest -->
