<?xml version="1.0" encoding="UTF-8"?>
<!-- Generated by org.testng.reporters.JUnitReportReporter -->
<testsuite hostname="MBRLT01195" failures="0" tests="1" name="Mb_Search_Test.Mb_ldp_test" time="128.815" errors="0" timestamp="2025-05-28T07:40:18 IST" skipped="0">
  <testcase classname="Mb_Search_Test.Mb_ldp_test" name="srp_cardwidget" time="128.815"/>
  <system-out/>
</testsuite> <!-- Mb_Search_Test.Mb_ldp_test -->
