<?xml version="1.0" encoding="UTF-8"?>
<!-- Generated by org.testng.reporters.JUnitReportReporter -->
<testsuite hostname="MBRLT01195" failures="0" tests="3" name="Mb_Search_Test.TopAgent_Test" time="29.378" errors="0" timestamp="2025-06-06T17:05:18 IST" skipped="0">
  <testcase classname="Mb_Search_Test.TopAgent_Test" name="agentcontactCTA" time="8.778"/>
  <system-out/>
  <testcase classname="Mb_Search_Test.TopAgent_Test" name="dropdownvalidation" time="9.130"/>
  <system-out/>
  <testcase classname="Mb_Search_Test.TopAgent_Test" name="agentnamevalidation" time="11.470"/>
  <system-out/>
</testsuite> <!-- Mb_Search_Test.TopAgent_Test -->
