<?xml version="1.0" encoding="UTF-8"?>
<!-- Generated by org.testng.reporters.JUnitReportReporter -->
<testsuite hostname="MBRLT01195" failures="0" tests="1" name="Mb_Search_Test.magichomeSrp_Test" time="8.204" errors="0" timestamp="2025-05-27T12:45:58 IST" skipped="0">
  <testcase classname="Mb_Search_Test.magichomeSrp_Test" name="magicPDP_vaidation" time="8.204"/>
  <system-out/>
</testsuite> <!-- Mb_Search_Test.magichomeSrp_Test -->
