<?xml version="1.0" encoding="UTF-8"?>
<!-- Generated by org.testng.reporters.JUnitReportReporter -->
<testsuite hostname="MBRLT01195" failures="0" tests="3" name="Mb_Search_Test.TopAgent_Test" time="30.019" errors="0" timestamp="2025-07-18T16:58:29 IST" skipped="0">
  <testcase classname="Mb_Search_Test.TopAgent_Test" name="agentcontactCTA" time="7.958"/>
  <system-out/>
  <testcase classname="Mb_Search_Test.TopAgent_Test" name="dropdownvalidation" time="9.943"/>
  <system-out/>
  <testcase classname="Mb_Search_Test.TopAgent_Test" name="agentnamevalidation" time="12.118"/>
  <system-out/>
</testsuite> <!-- Mb_Search_Test.TopAgent_Test -->
