<?xml version="1.0" encoding="UTF-8"?>
<!-- Generated by org.testng.reporters.JUnitReportReporter -->
<testsuite hostname="MBRLT01195" failures="0" tests="3" name="Mb_Search_Test.TopAgent_Test" time="36.082" errors="0" timestamp="2025-06-03T13:20:38 IST" skipped="0">
  <testcase classname="Mb_Search_Test.TopAgent_Test" name="agentcontactCTA" time="11.022"/>
  <system-out/>
  <testcase classname="Mb_Search_Test.TopAgent_Test" name="dropdownvalidation" time="8.350"/>
  <system-out/>
  <testcase classname="Mb_Search_Test.TopAgent_Test" name="agentnamevalidation" time="16.710"/>
  <system-out/>
</testsuite> <!-- Mb_Search_Test.TopAgent_Test -->
