<?xml version="1.0" encoding="UTF-8"?>
<!-- Generated by org.testng.reporters.JUnitReportReporter -->
<testsuite hostname="MBRLT01195" failures="0" tests="7" name="Mb_Search_Test.Mb_srp_Test" time="164.813" errors="0" timestamp="2025-06-02T10:37:22 IST" skipped="0">
  <testcase classname="Mb_Search_Test.Mb_srp_Test" name="srp_allfilters" time="32.507"/>
  <system-out/>
  <testcase classname="Mb_Search_Test.Mb_srp_Test" name="srp_Page" time="8.379"/>
  <system-out/>
  <testcase classname="Mb_Search_Test.Mb_srp_Test" name="searchnewkeyword" time="18.850"/>
  <system-out/>
  <testcase classname="Mb_Search_Test.Mb_srp_Test" name="sortby_lowtohigh" time="8.486"/>
  <system-out/>
  <testcase classname="Mb_Search_Test.Mb_srp_Test" name="sortby_hightolow" time="7.283"/>
  <system-out/>
  <testcase classname="Mb_Search_Test.Mb_srp_Test" name="srp_Pagefilter" time="28.511"/>
  <system-out/>
  <testcase classname="Mb_Search_Test.Mb_srp_Test" name="scrolldownthepage" time="60.797"/>
  <system-out/>
</testsuite> <!-- Mb_Search_Test.Mb_srp_Test -->
