<?xml version="1.0" encoding="UTF-8"?>
<!-- Generated by org.testng.reporters.JUnitReportReporter -->
<testsuite hostname="MBRLT01195" failures="0" tests="1" name="Mb_Search_Test.Mb_ldp_test" time="126.799" errors="0" timestamp="2025-05-13T11:40:01 IST" skipped="0">
  <testcase classname="Mb_Search_Test.Mb_ldp_test" name="srp_cardwidget" time="126.799"/>
  <system-out/>
</testsuite> <!-- Mb_Search_Test.Mb_ldp_test -->
