<?xml version="1.0" encoding="UTF-8"?>
<!-- Generated by org.testng.reporters.JUnitReportReporter -->
<testsuite hostname="MBRLT01195" failures="0" tests="1" name="Mb_Search_Test.mbPDP_Test" time="32.727" errors="0" timestamp="2025-05-28T17:47:17 IST" skipped="0">
  <testcase classname="Mb_Search_Test.mbPDP_Test" name="SRP_Click" time="32.727"/>
  <system-out/>
</testsuite> <!-- Mb_Search_Test.mbPDP_Test -->
