<?xml version="1.0" encoding="UTF-8"?>
<!-- Generated by org.testng.reporters.JUnitReportReporter -->
<testsuite hostname="MBRLT01195" failures="0" tests="1" name="Mb_Search_Test.Homepage_searchTest" time="11.249" errors="0" timestamp="2025-06-10T12:46:34 IST" skipped="0">
  <testcase classname="Mb_Search_Test.Homepage_searchTest" name="defaultsearch_buy" time="11.249"/>
  <system-out/>
</testsuite> <!-- Mb_Search_Test.Homepage_searchTest -->
