<?xml version="1.0" encoding="UTF-8"?>
<!-- Generated by org.testng.reporters.JUnitReportReporter -->
<testsuite hostname="MBRLT01195" failures="0" tests="1" name="Mb_Search_Test.Homepage_search" time="13.020" errors="0" timestamp="2025-06-10T11:34:19 IST" skipped="0">
  <testcase classname="Mb_Search_Test.Homepage_search" name="defaultsearch_buy" time="13.020"/>
  <system-out/>
</testsuite> <!-- Mb_Search_Test.Homepage_search -->
