<?xml version="1.0" encoding="UTF-8"?>
<!-- Generated by org.testng.reporters.JUnitReportReporter -->
<testsuite hostname="MBRLT01195" failures="0" tests="1" name="Mb_Search_Test.HomepageTest" time="14.401" errors="0" timestamp="2025-05-29T07:47:20 IST" skipped="0">
  <testcase classname="Mb_Search_Test.HomepageTest" name="search_homepage" time="14.401"/>
  <system-out/>
</testsuite> <!-- Mb_Search_Test.HomepageTest -->
