<?xml version="1.0" encoding="UTF-8"?>
<!-- Generated by org.testng.reporters.JUnitReportReporter -->
<testsuite hostname="MBRLT01195" failures="0" tests="1" name="Mb_Search_Test.mbPlot_SRP" time="9.437" errors="0" timestamp="2025-06-02T15:29:31 IST" skipped="0">
  <testcase classname="Mb_Search_Test.mbPlot_SRP" name="srp_Page" time="9.437"/>
  <system-out/>
</testsuite> <!-- Mb_Search_Test.mbPlot_SRP -->
