<?xml version="1.0" encoding="UTF-8"?>
<!-- Generated by org.testng.reporters.JUnitReportReporter -->
<testsuite hostname="MBRLT01195" failures="0" tests="1" name="Mb_Search_Test.Mb_srp_Test" time="18.536" errors="0" timestamp="2025-04-22T18:00:23 IST" skipped="0">
  <testcase classname="Mb_Search_Test.Mb_srp_Test" name="searchnewkeyword" time="18.536"/>
</testsuite> <!-- Mb_Search_Test.Mb_srp_Test -->
